<?xml version="1.0" encoding="UTF-8"?>
<coverage generated="1657353967632" clover="3.2.0">
  <project timestamp="1657353967632" name="All files">
    <metrics statements="2" coveredstatements="1" conditionals="0" coveredconditionals="0" methods="0" coveredmethods="0" elements="2" coveredelements="1" complexity="0" loc="2" ncloc="2" packages="1" files="2" classes="2"/>
    <file name="cell.ts" path="/Users/andrei/Documents/GIT/coderetreat/coderetreat-jest/src/cell.ts">
      <metrics statements="1" coveredstatements="1" conditionals="0" coveredconditionals="0" methods="0" coveredmethods="0"/>
      <line num="1" count="1" type="stmt"/>
    </file>
    <file name="index.ts" path="/Users/andrei/Documents/GIT/coderetreat/coderetreat-jest/src/index.ts">
      <metrics statements="1" coveredstatements="0" conditionals="0" coveredconditionals="0" methods="0" coveredmethods="0"/>
      <line num="1" count="0" type="stmt"/>
    </file>
  </project>
</coverage>
