{"/Users/andrei/Documents/GIT/coderetreat/coderetreat-jest/src/cell.ts": {"path":"/Users/andrei/Documents/GIT/coderetreat/coderetreat-jest/src/cell.ts","statementMap":{"0":{"start":{"line":1,"column":0},"end":{"line":1,"column":13}}},"fnMap":{},"branchMap":{},"s":{"0":1},"f":{},"b":{}}
,"/Users/andrei/Documents/GIT/coderetreat/coderetreat-jest/src/index.ts": {"path":"/Users/andrei/Documents/GIT/coderetreat/coderetreat-jest/src/index.ts","statementMap":{"0":{"start":{"line":1,"column":0},"end":{"line":1,"column":28}}},"fnMap":{},"branchMap":{},"s":{"0":0},"f":{},"b":{}}
}
